  6.1.cpp
D:\Lab-6\6.1\6.1\Array.h(24,8): warning C4290: спецификация исключений C++ игнорируется, кроме случая, когда указывается, что функция не является __declspec(nothrow)
D:\Lab-6\6.1\6.1\Array.h(26,7): warning C4290: спецификация исключений C++ игнорируется, кроме случая, когда указывается, что функция не является __declspec(nothrow)
D:\Lab-6\6.1\6.1\Array.h(27,7): warning C4290: спецификация исключений C++ игнорируется, кроме случая, когда указывается, что функция не является __declspec(nothrow)
D:\Lab-6\6.1\6.1\Array.h(29,7): warning C4290: спецификация исключений C++ игнорируется, кроме случая, когда указывается, что функция не является __declspec(nothrow)
D:\Lab-6\6.1\6.1\Array.h(43,18): warning C4290: спецификация исключений C++ игнорируется, кроме случая, когда указывается, что функция не является __declspec(nothrow)
D:\Lab-6\6.1\6.1\Array.h(45,52): warning C4290: спецификация исключений C++ игнорируется, кроме случая, когда указывается, что функция не является __declspec(nothrow)
D:\Lab-6\6.1\6.1\Array.h(46,64): warning C4290: спецификация исключений C++ игнорируется, кроме случая, когда указывается, что функция не является __declspec(nothrow)
  Array.cpp
D:\Lab-6\6.1\6.1\Array.h(24,8): warning C4290: спецификация исключений C++ игнорируется, кроме случая, когда указывается, что функция не является __declspec(nothrow)
D:\Lab-6\6.1\6.1\Array.h(26,7): warning C4290: спецификация исключений C++ игнорируется, кроме случая, когда указывается, что функция не является __declspec(nothrow)
D:\Lab-6\6.1\6.1\Array.h(27,7): warning C4290: спецификация исключений C++ игнорируется, кроме случая, когда указывается, что функция не является __declspec(nothrow)
D:\Lab-6\6.1\6.1\Array.h(29,7): warning C4290: спецификация исключений C++ игнорируется, кроме случая, когда указывается, что функция не является __declspec(nothrow)
D:\Lab-6\6.1\6.1\Array.h(43,18): warning C4290: спецификация исключений C++ игнорируется, кроме случая, когда указывается, что функция не является __declspec(nothrow)
D:\Lab-6\6.1\6.1\Array.h(45,52): warning C4290: спецификация исключений C++ игнорируется, кроме случая, когда указывается, что функция не является __declspec(nothrow)
D:\Lab-6\6.1\6.1\Array.h(46,64): warning C4290: спецификация исключений C++ игнорируется, кроме случая, когда указывается, что функция не является __declspec(nothrow)
D:\Lab-6\6.1\6.1\Array.cpp(7,34): warning C4290: спецификация исключений C++ игнорируется, кроме случая, когда указывается, что функция не является __declspec(nothrow)
D:\Lab-6\6.1\6.1\Array.cpp(17,34): warning C4290: спецификация исключений C++ игнорируется, кроме случая, когда указывается, что функция не является __declspec(nothrow)
D:\Lab-6\6.1\6.1\Array.cpp(30,34): warning C4290: спецификация исключений C++ игнорируется, кроме случая, когда указывается, что функция не является __declspec(nothrow)
D:\Lab-6\6.1\6.1\Array.cpp(42,45): warning C4290: спецификация исключений C++ игнорируется, кроме случая, когда указывается, что функция не является __declspec(nothrow)
D:\Lab-6\6.1\6.1\Array.cpp(65,72): warning C4290: спецификация исключений C++ игнорируется, кроме случая, когда указывается, что функция не является __declspec(nothrow)
D:\Lab-6\6.1\6.1\Array.cpp(74,19): warning C4290: спецификация исключений C++ игнорируется, кроме случая, когда указывается, что функция не является __declspec(nothrow)
D:\Lab-6\6.1\6.1\Array.cpp(81,54): warning C4290: спецификация исключений C++ игнорируется, кроме случая, когда указывается, что функция не является __declspec(nothrow)
  Создание кода...
  6.1.vcxproj -> D:\Lab-6\6.1\Debug\6.1.exe
