  6.1.cpp
D:\Lab-6\6.1\6.1\Array.h(24,7): warning C4290: спецификация исключений C++ игнорируется, кроме случая, когда указывается, что функция не является __declspec(nothrow)
D:\Lab-6\6.1\6.1\Array.h(25,7): warning C4290: спецификация исключений C++ игнорируется, кроме случая, когда указывается, что функция не является __declspec(nothrow)
D:\Lab-6\6.1\6.1\Array.h(26,7): warning C4290: спецификация исключений C++ игнорируется, кроме случая, когда указывается, что функция не является __declspec(nothrow)
D:\Lab-6\6.1\6.1\Array.h(27,7): warning C4290: спецификация исключений C++ игнорируется, кроме случая, когда указывается, что функция не является __declspec(nothrow)
D:\Lab-6\6.1\6.1\Array.h(42,18): warning C4290: спецификация исключений C++ игнорируется, кроме случая, когда указывается, что функция не является __declspec(nothrow)
D:\Lab-6\6.1\6.1\Array.h(45,50): warning C4290: спецификация исключений C++ игнорируется, кроме случая, когда указывается, что функция не является __declspec(nothrow)
D:\Lab-6\6.1\6.1\Array.h(46,62): warning C4290: спецификация исключений C++ игнорируется, кроме случая, когда указывается, что функция не является __declspec(nothrow)
  Array.cpp
D:\Lab-6\6.1\6.1\Array.h(24,7): warning C4290: спецификация исключений C++ игнорируется, кроме случая, когда указывается, что функция не является __declspec(nothrow)
D:\Lab-6\6.1\6.1\Array.h(25,7): warning C4290: спецификация исключений C++ игнорируется, кроме случая, когда указывается, что функция не является __declspec(nothrow)
D:\Lab-6\6.1\6.1\Array.h(26,7): warning C4290: спецификация исключений C++ игнорируется, кроме случая, когда указывается, что функция не является __declspec(nothrow)
D:\Lab-6\6.1\6.1\Array.h(27,7): warning C4290: спецификация исключений C++ игнорируется, кроме случая, когда указывается, что функция не является __declspec(nothrow)
D:\Lab-6\6.1\6.1\Array.h(42,18): warning C4290: спецификация исключений C++ игнорируется, кроме случая, когда указывается, что функция не является __declspec(nothrow)
D:\Lab-6\6.1\6.1\Array.h(45,50): warning C4290: спецификация исключений C++ игнорируется, кроме случая, когда указывается, что функция не является __declspec(nothrow)
D:\Lab-6\6.1\6.1\Array.h(46,62): warning C4290: спецификация исключений C++ игнорируется, кроме случая, когда указывается, что функция не является __declspec(nothrow)
D:\Lab-6\6.1\6.1\Array.cpp(10,34): warning C4290: спецификация исключений C++ игнорируется, кроме случая, когда указывается, что функция не является __declspec(nothrow)
D:\Lab-6\6.1\6.1\Array.cpp(19,34): warning C4290: спецификация исключений C++ игнорируется, кроме случая, когда указывается, что функция не является __declspec(nothrow)
D:\Lab-6\6.1\6.1\Array.cpp(32,34): warning C4290: спецификация исключений C++ игнорируется, кроме случая, когда указывается, что функция не является __declspec(nothrow)
D:\Lab-6\6.1\6.1\Array.cpp(44,45): warning C4290: спецификация исключений C++ игнорируется, кроме случая, когда указывается, что функция не является __declspec(nothrow)
D:\Lab-6\6.1\6.1\Array.cpp(69,63): warning C4290: спецификация исключений C++ игнорируется, кроме случая, когда указывается, что функция не является __declspec(nothrow)
D:\Lab-6\6.1\6.1\Array.cpp(77,19): warning C4290: спецификация исключений C++ игнорируется, кроме случая, когда указывается, что функция не является __declspec(nothrow)
D:\Lab-6\6.1\6.1\Array.cpp(85,54): warning C4290: спецификация исключений C++ игнорируется, кроме случая, когда указывается, что функция не является __declspec(nothrow)
D:\Lab-6\6.1\6.1\Array.cpp(128,14): warning C4244: аргумент: преобразование "const double" в "const Array::size_type", возможна потеря данных
D:\Lab-6\6.1\6.1\Array.cpp(132,39): warning C4290: спецификация исключений C++ игнорируется, кроме случая, когда указывается, что функция не является __declspec(nothrow)
D:\Lab-6\6.1\6.1\Array.cpp(133,1): warning C5043: "Array::pop_back": спецификация исключения не соответствует предыдущему объявлению
D:\Lab-6\6.1\6.1\Array.h(54): message : см. объявление "Array::pop_back"
D:\Lab-6\6.1\6.1\Array.cpp(157,18): warning C4244: +=: преобразование "double" в "int", возможна потеря данных
  Создание кода...
  6.1.vcxproj -> D:\Lab-6\6.1\x64\Debug\6.1.exe
